[debug] [2018-05-13T21:38:30.403Z] ----------------------------------------------------------------------
[debug] [2018-05-13T21:38:30.407Z] Command:       C:\Program Files\nodejs\node.exe C:\Users\Spencer Dobrik\AppData\Roaming\npm\node_modules\firebase-tools\bin\firebase serve
[debug] [2018-05-13T21:38:30.407Z] CLI Version:   3.17.3
[debug] [2018-05-13T21:38:30.407Z] Platform:      win32
[debug] [2018-05-13T21:38:30.407Z] Node Version:  v6.10.0
[debug] [2018-05-13T21:38:30.411Z] Time:          Sun May 13 2018 17:38:30 GMT-0400 (Eastern Daylight Time)
[debug] [2018-05-13T21:38:30.411Z] ----------------------------------------------------------------------
[debug] 
[debug] [2018-05-13T21:38:30.431Z] > command requires scopes: ["email","openid","https://www.googleapis.com/auth/cloudplatformprojects.readonly","https://www.googleapis.com/auth/firebase","https://www.googleapis.com/auth/cloud-platform"]
[debug] [2018-05-13T21:38:30.435Z] > authorizing via signed-in user
[debug] [2018-05-13T21:38:30.435Z] > refreshing access token with scopes: ["email","https://www.googleapis.com/auth/cloud-platform","https://www.googleapis.com/auth/cloudplatformprojects.readonly","https://www.googleapis.com/auth/firebase","openid"]
[debug] [2018-05-13T21:38:30.435Z] >>> HTTP REQUEST POST https://www.googleapis.com/oauth2/v3/token  
 { refresh_token: '1/Ai9vagSI4Og3S3q5bRexFqktS3IqVN2Ter3gDq3ssM8',
  client_id: '563584335869-fgrhgmd47bqnekij5i8b5pr03ho849e6.apps.googleusercontent.com',
  client_secret: 'j9iVZfS8kkCEFUPaAeJV0sAi',
  grant_type: 'refresh_token',
  scope: 'email https://www.googleapis.com/auth/cloud-platform https://www.googleapis.com/auth/cloudplatformprojects.readonly https://www.googleapis.com/auth/firebase openid' } 
 Sun May 13 2018 17:38:30 GMT-0400 (Eastern Daylight Time)
[debug] [2018-05-13T21:38:30.643Z] <<< HTTP RESPONSE 200
[debug] [2018-05-13T21:38:30.651Z] >>> HTTP REQUEST GET https://admin.firebase.com/v1/projects/my-website-1474087140010  
  
 Sun May 13 2018 17:38:30 GMT-0400 (Eastern Daylight Time)
[debug] [2018-05-13T21:38:31.231Z] <<< HTTP RESPONSE 200
[debug] [2018-05-13T21:38:31.235Z] >>> HTTP REQUEST GET https://admin.firebase.com/v1/database/my-website-1474087140010/tokens  
  
 Sun May 13 2018 17:38:31 GMT-0400 (Eastern Daylight Time)
[debug] [2018-05-13T21:38:31.671Z] <<< HTTP RESPONSE 200
[info] 
[info] === Serving from 'C:\Users\Spencer Dobrik\Documents\Coding\myWebsite\my-website'...
[info] 
[debug] [2018-05-13T21:38:31.675Z] >>> HTTP REQUEST GET https://cloudresourcemanager.googleapis.com/v1/projects/my-website-1474087140010  
  
 Sun May 13 2018 17:38:31 GMT-0400 (Eastern Daylight Time)
[debug] [2018-05-13T21:38:32.003Z] <<< HTTP RESPONSE 200
[debug] [2018-05-13T21:38:32.003Z] >>> HTTP REQUEST GET https://mobilesdk-pa.googleapis.com/v1/projects/415070677702/clients/_:getWebAppConfig  
  
 Sun May 13 2018 17:38:32 GMT-0400 (Eastern Daylight Time)
[debug] [2018-05-13T21:38:32.299Z] <<< HTTP RESPONSE 200
[info] i  hosting: Serving hosting files from: build
[info] +  hosting: Local server: http://localhost:5000

